2017-01-10 09:09:22,119 [Worker-7] INFO  o.e.m.c.i.l.LifecycleMappingFactory - Using org.eclipse.m2e.jdt.JarLifecycleMapping lifecycle mapping for MavenProject: DebateAppJPA:DebateAppJPA:0.0.1-SNAPSHOT @ /Users/Jolteon/SD/DebateApp/DebateAppJPA/pom.xml.
2017-01-10 09:09:23,279 [Worker-18] WARN  o.e.m.c.i.embedder.EclipseLogger - Using platform encoding (UTF-8 actually) to copy filtered resources, i.e. build is platform dependent!
2017-01-10 09:09:23,303 [Worker-18] INFO  o.e.m.c.i.embedder.EclipseLogger - Copying 1 resource
2017-01-10 09:09:23,313 [Worker-18] WARN  o.e.m.c.i.embedder.EclipseLogger - Using platform encoding (UTF-8 actually) to copy filtered resources, i.e. build is platform dependent!
2017-01-10 09:09:23,314 [Worker-18] INFO  o.e.m.c.i.embedder.EclipseLogger - skip non existing resourceDirectory /Users/Jolteon/SD/DebateApp/DebateAppJPA/src/test/resources
2017-01-10 09:09:23,413 [Worker-7] INFO  o.e.m.j.i.AbstractJavaProjectConfigurator - Adding source folder /DebateAppJPA/src
2017-01-10 09:09:23,414 [Worker-7] INFO  o.e.m.j.i.AbstractJavaProjectConfigurator - Resources folder /DebateAppJPA/src overlaps with sources folder /DebateAppJPA/src
2017-01-10 09:09:23,414 [Worker-7] INFO  o.e.m.j.i.AbstractJavaProjectConfigurator - Not adding source folder /DebateAppJPA/src/test/java because it overlaps with /DebateAppJPA/src
2017-01-10 09:09:23,495 [Worker-7] INFO  o.e.m.c.i.p.ProjectConfigurationManager - Update started
2017-01-10 09:09:24,004 [Worker-7] INFO  o.e.m.c.i.l.LifecycleMappingFactory - Using org.eclipse.m2e.jdt.JarLifecycleMapping lifecycle mapping for MavenProject: DebateAppJPA:DebateAppJPA:0.0.1-SNAPSHOT @ /Users/Jolteon/SD/DebateApp/DebateAppJPA/pom.xml.
2017-01-10 09:09:24,316 [Worker-7] INFO  o.e.m.j.i.AbstractJavaProjectConfigurator - Adding source folder /DebateAppJPA/src
2017-01-10 09:09:24,317 [Worker-7] INFO  o.e.m.j.i.AbstractJavaProjectConfigurator - Resources folder /DebateAppJPA/src overlaps with sources folder /DebateAppJPA/src
2017-01-10 09:09:24,317 [Worker-7] INFO  o.e.m.j.i.AbstractJavaProjectConfigurator - Not adding source folder /DebateAppJPA/src/test/java because it overlaps with /DebateAppJPA/src
2017-01-10 09:09:24,403 [Worker-7] INFO  o.e.m.c.i.p.ProjectConfigurationManager - Update completed: 0 sec
2017-01-10 09:09:24,583 [Worker-1] WARN  o.e.m.c.i.embedder.EclipseLogger - Using platform encoding (UTF-8 actually) to copy filtered resources, i.e. build is platform dependent!
2017-01-10 09:09:24,585 [Worker-1] INFO  o.e.m.c.i.embedder.EclipseLogger - Copying 1 resource
2017-01-10 09:09:24,594 [Worker-1] WARN  o.e.m.c.i.embedder.EclipseLogger - Using platform encoding (UTF-8 actually) to copy filtered resources, i.e. build is platform dependent!
2017-01-10 09:09:24,595 [Worker-1] INFO  o.e.m.c.i.embedder.EclipseLogger - skip non existing resourceDirectory /Users/Jolteon/SD/DebateApp/DebateAppJPA/src/test/resources
2017-01-10 09:44:52,643 [Worker-27] INFO  o.e.m.c.i.l.LifecycleMappingFactory - Using org.eclipse.m2e.jdt.JarLifecycleMapping lifecycle mapping for MavenProject: DebateAppJPA:DebateAppJPA:0.0.1-SNAPSHOT @ /Users/Jolteon/SD/DebateApp/DebateAppJPA/pom.xml.
2017-01-10 09:44:53,186 [Worker-27] INFO  o.e.m.c.i.e.AbstractTransferListenerAdapter - Downloaded https://repo.maven.apache.org/maven2/org/hibernate/hibernate-entitymanager/${hibernate.version}/hibernate-entitymanager-${hibernate.version}.pom
2017-01-10 09:44:53,190 [Worker-27] WARN  o.e.m.c.i.embedder.EclipseLogger - The POM for org.hibernate:hibernate-entitymanager:jar:${hibernate.version} is missing, no dependency information available
2017-01-10 09:44:53,193 [Worker-27] WARN  o.e.m.c.i.embedder.EclipseLogger - The POM for org.hibernate:hibernate-c3p0:jar:${hibernate.version} is missing, no dependency information available
2017-01-10 09:44:53,396 [Worker-27] INFO  o.e.m.c.i.e.AbstractTransferListenerAdapter - Downloaded https://repo.maven.apache.org/maven2/org/hibernate/hibernate-entitymanager/${hibernate.version}/hibernate-entitymanager-${hibernate.version}.jar
2017-01-10 09:44:53,632 [Worker-27] WARN  o.e.m.c.i.embedder.EclipseLogger - Using platform encoding (UTF-8 actually) to copy filtered resources, i.e. build is platform dependent!
2017-01-10 09:44:53,636 [Worker-27] INFO  o.e.m.c.i.embedder.EclipseLogger - Copying 0 resource
2017-01-10 09:44:53,639 [Worker-27] WARN  o.e.m.c.i.embedder.EclipseLogger - Using platform encoding (UTF-8 actually) to copy filtered resources, i.e. build is platform dependent!
2017-01-10 09:44:53,639 [Worker-27] INFO  o.e.m.c.i.embedder.EclipseLogger - skip non existing resourceDirectory /Users/Jolteon/SD/DebateApp/DebateAppJPA/src/test/resources
2017-01-10 09:45:57,866 [Worker-27] WARN  o.e.m.c.i.embedder.EclipseLogger - The POM for org.hibernate:hibernate-entitymanager:jar:${hibernate.version} is missing, no dependency information available
2017-01-10 09:45:57,868 [Worker-27] WARN  o.e.m.c.i.embedder.EclipseLogger - The POM for org.hibernate:hibernate-c3p0:jar:${hibernate.version} is missing, no dependency information available
2017-01-10 09:45:58,459 [Worker-34] INFO  o.e.m.c.i.l.LifecycleMappingFactory - Using org.eclipse.m2e.jdt.JarLifecycleMapping lifecycle mapping for MavenProject: DebateAppJPA:DebateAppJPA:0.0.1-SNAPSHOT @ /Users/Jolteon/SD/DebateApp/DebateAppJPA/pom.xml.
2017-01-10 09:45:58,464 [Worker-34] WARN  o.e.m.c.i.embedder.EclipseLogger - The POM for org.hibernate:hibernate-entitymanager:jar:${hibernate.version} is missing, no dependency information available
2017-01-10 09:45:58,465 [Worker-34] WARN  o.e.m.c.i.embedder.EclipseLogger - The POM for org.hibernate:hibernate-c3p0:jar:${hibernate.version} is missing, no dependency information available
2017-01-10 09:45:58,783 [Worker-34] WARN  o.e.m.c.i.embedder.EclipseLogger - Using platform encoding (UTF-8 actually) to copy filtered resources, i.e. build is platform dependent!
2017-01-10 09:45:58,786 [Worker-34] INFO  o.e.m.c.i.embedder.EclipseLogger - Copying 0 resource
2017-01-10 09:45:58,790 [Worker-34] WARN  o.e.m.c.i.embedder.EclipseLogger - Using platform encoding (UTF-8 actually) to copy filtered resources, i.e. build is platform dependent!
2017-01-10 09:45:58,792 [Worker-34] INFO  o.e.m.c.i.embedder.EclipseLogger - skip non existing resourceDirectory /Users/Jolteon/SD/DebateApp/DebateAppJPA/src/test/resources
2017-01-10 09:50:18,466 [Worker-40] WARN  o.e.m.c.i.embedder.EclipseLogger - The POM for org.hibernate:hibernate-entitymanager:jar:${hibernate.version} is missing, no dependency information available
2017-01-10 09:50:18,470 [Worker-40] WARN  o.e.m.c.i.embedder.EclipseLogger - The POM for org.hibernate:hibernate-c3p0:jar:${hibernate.version} is missing, no dependency information available
2017-01-10 09:50:18,508 [Worker-40] WARN  o.e.m.c.i.embedder.EclipseLogger - Using platform encoding (UTF-8 actually) to copy filtered resources, i.e. build is platform dependent!
2017-01-10 09:50:18,513 [Worker-40] INFO  o.e.m.c.i.embedder.EclipseLogger - Copying 0 resource
2017-01-10 09:50:18,515 [Worker-40] WARN  o.e.m.c.i.embedder.EclipseLogger - Using platform encoding (UTF-8 actually) to copy filtered resources, i.e. build is platform dependent!
2017-01-10 09:50:18,518 [Worker-40] INFO  o.e.m.c.i.embedder.EclipseLogger - skip non existing resourceDirectory /Users/Jolteon/SD/DebateApp/DebateAppJPA/src/test/resources
2017-01-10 09:51:25,703 [Worker-42] WARN  o.e.m.c.i.embedder.EclipseLogger - Using platform encoding (UTF-8 actually) to copy filtered resources, i.e. build is platform dependent!
2017-01-10 09:51:25,704 [Worker-42] INFO  o.e.m.c.i.embedder.EclipseLogger - Copying 1 resource
2017-01-10 09:51:25,717 [Worker-42] WARN  o.e.m.c.i.embedder.EclipseLogger - Using platform encoding (UTF-8 actually) to copy filtered resources, i.e. build is platform dependent!
2017-01-10 09:51:25,718 [Worker-42] INFO  o.e.m.c.i.embedder.EclipseLogger - skip non existing resourceDirectory /Users/Jolteon/SD/DebateApp/DebateAppJPA/src/test/resources
2017-01-10 09:51:30,075 [Worker-44] WARN  o.e.m.c.i.embedder.EclipseLogger - Using platform encoding (UTF-8 actually) to copy filtered resources, i.e. build is platform dependent!
2017-01-10 09:51:30,076 [Worker-44] INFO  o.e.m.c.i.embedder.EclipseLogger - Copying 1 resource
2017-01-10 09:51:30,077 [Worker-44] WARN  o.e.m.c.i.embedder.EclipseLogger - Using platform encoding (UTF-8 actually) to copy filtered resources, i.e. build is platform dependent!
2017-01-10 09:51:30,078 [Worker-44] INFO  o.e.m.c.i.embedder.EclipseLogger - skip non existing resourceDirectory /Users/Jolteon/SD/DebateApp/DebateAppJPA/src/test/resources
2017-01-10 09:57:18,412 [Worker-44] WARN  o.e.m.c.i.embedder.EclipseLogger - Using platform encoding (UTF-8 actually) to copy filtered resources, i.e. build is platform dependent!
2017-01-10 09:57:18,417 [Worker-44] INFO  o.e.m.c.i.embedder.EclipseLogger - Copying 1 resource
2017-01-10 09:57:18,422 [Worker-44] WARN  o.e.m.c.i.embedder.EclipseLogger - Using platform encoding (UTF-8 actually) to copy filtered resources, i.e. build is platform dependent!
2017-01-10 09:57:18,423 [Worker-44] INFO  o.e.m.c.i.embedder.EclipseLogger - skip non existing resourceDirectory /Users/Jolteon/SD/DebateApp/DebateAppJPA/src/test/resources
2017-01-10 09:58:19,166 [Worker-50] WARN  o.e.m.c.i.embedder.EclipseLogger - Using platform encoding (UTF-8 actually) to copy filtered resources, i.e. build is platform dependent!
2017-01-10 09:58:19,168 [Worker-50] INFO  o.e.m.c.i.embedder.EclipseLogger - Copying 1 resource
2017-01-10 09:58:19,170 [Worker-50] WARN  o.e.m.c.i.embedder.EclipseLogger - Using platform encoding (UTF-8 actually) to copy filtered resources, i.e. build is platform dependent!
2017-01-10 09:58:19,170 [Worker-50] INFO  o.e.m.c.i.embedder.EclipseLogger - skip non existing resourceDirectory /Users/Jolteon/SD/DebateApp/DebateAppJPA/src/test/resources
2017-01-10 09:59:53,559 [Worker-50] INFO  o.e.m.c.i.l.LifecycleMappingFactory - Using org.eclipse.m2e.jdt.JarLifecycleMapping lifecycle mapping for MavenProject: DebateAppJPA:DebateAppJPA:0.0.1-SNAPSHOT @ /Users/Jolteon/SD/DebateApp/DebateAppJPA/pom.xml.
2017-01-10 09:59:53,621 [Worker-50] WARN  o.e.m.c.i.embedder.EclipseLogger - The POM for org.hibernate:hibernate-c3p0:jar:${hibernate.version} is missing, no dependency information available
2017-01-10 09:59:53,908 [Worker-50] WARN  o.e.m.c.i.embedder.EclipseLogger - Using platform encoding (UTF-8 actually) to copy filtered resources, i.e. build is platform dependent!
2017-01-10 09:59:53,911 [Worker-50] INFO  o.e.m.c.i.embedder.EclipseLogger - Copying 0 resource
2017-01-10 09:59:53,913 [Worker-50] WARN  o.e.m.c.i.embedder.EclipseLogger - Using platform encoding (UTF-8 actually) to copy filtered resources, i.e. build is platform dependent!
2017-01-10 09:59:53,913 [Worker-50] INFO  o.e.m.c.i.embedder.EclipseLogger - skip non existing resourceDirectory /Users/Jolteon/SD/DebateApp/DebateAppJPA/src/test/resources
2017-01-10 10:03:37,094 [Worker-54] INFO  o.e.m.c.i.l.LifecycleMappingFactory - Using org.eclipse.m2e.jdt.JarLifecycleMapping lifecycle mapping for MavenProject: DebateAppJPA:DebateAppJPA:0.0.1-SNAPSHOT @ /Users/Jolteon/SD/DebateApp/DebateAppJPA/pom.xml.
2017-01-10 10:03:37,348 [Worker-54] WARN  o.e.m.c.i.embedder.EclipseLogger - Using platform encoding (UTF-8 actually) to copy filtered resources, i.e. build is platform dependent!
2017-01-10 10:03:37,351 [Worker-54] INFO  o.e.m.c.i.embedder.EclipseLogger - Copying 0 resource
2017-01-10 10:03:37,353 [Worker-54] WARN  o.e.m.c.i.embedder.EclipseLogger - Using platform encoding (UTF-8 actually) to copy filtered resources, i.e. build is platform dependent!
2017-01-10 10:03:37,354 [Worker-54] INFO  o.e.m.c.i.embedder.EclipseLogger - skip non existing resourceDirectory /Users/Jolteon/SD/DebateApp/DebateAppJPA/src/test/resources
2017-01-10 10:03:38,681 [Worker-51] WARN  o.e.m.c.i.embedder.EclipseLogger - Using platform encoding (UTF-8 actually) to copy filtered resources, i.e. build is platform dependent!
2017-01-10 10:03:38,686 [Worker-51] INFO  o.e.m.c.i.embedder.EclipseLogger - Copying 2 resources
2017-01-10 10:03:38,697 [Worker-51] WARN  o.e.m.c.i.embedder.EclipseLogger - Using platform encoding (UTF-8 actually) to copy filtered resources, i.e. build is platform dependent!
2017-01-10 10:03:38,697 [Worker-51] INFO  o.e.m.c.i.embedder.EclipseLogger - skip non existing resourceDirectory /Users/Jolteon/SD/DebateApp/DebateAppJPA/src/test/resources
2017-01-10 10:05:10,443 [Worker-52] WARN  o.e.m.c.i.embedder.EclipseLogger - Using platform encoding (UTF-8 actually) to copy filtered resources, i.e. build is platform dependent!
2017-01-10 10:05:10,448 [Worker-52] INFO  o.e.m.c.i.embedder.EclipseLogger - Copying 1 resource
2017-01-10 10:05:10,468 [Worker-52] WARN  o.e.m.c.i.embedder.EclipseLogger - Using platform encoding (UTF-8 actually) to copy filtered resources, i.e. build is platform dependent!
2017-01-10 10:05:10,469 [Worker-52] INFO  o.e.m.c.i.embedder.EclipseLogger - skip non existing resourceDirectory /Users/Jolteon/SD/DebateApp/DebateAppJPA/src/test/resources
2017-01-10 10:05:43,753 [Worker-54] WARN  o.e.m.c.i.embedder.EclipseLogger - Using platform encoding (UTF-8 actually) to copy filtered resources, i.e. build is platform dependent!
2017-01-10 10:05:43,755 [Worker-54] INFO  o.e.m.c.i.embedder.EclipseLogger - Copying 2 resources
2017-01-10 10:05:43,756 [Worker-54] WARN  o.e.m.c.i.embedder.EclipseLogger - Using platform encoding (UTF-8 actually) to copy filtered resources, i.e. build is platform dependent!
2017-01-10 10:05:43,757 [Worker-54] INFO  o.e.m.c.i.embedder.EclipseLogger - skip non existing resourceDirectory /Users/Jolteon/SD/DebateApp/DebateAppJPA/src/test/resources
2017-01-10 10:05:49,954 [Worker-52] WARN  o.e.m.c.i.embedder.EclipseLogger - Using platform encoding (UTF-8 actually) to copy filtered resources, i.e. build is platform dependent!
2017-01-10 10:05:49,955 [Worker-52] INFO  o.e.m.c.i.embedder.EclipseLogger - Copying 2 resources
2017-01-10 10:05:49,957 [Worker-52] WARN  o.e.m.c.i.embedder.EclipseLogger - Using platform encoding (UTF-8 actually) to copy filtered resources, i.e. build is platform dependent!
2017-01-10 10:05:49,958 [Worker-52] INFO  o.e.m.c.i.embedder.EclipseLogger - skip non existing resourceDirectory /Users/Jolteon/SD/DebateApp/DebateAppJPA/src/test/resources
2017-01-10 10:06:00,938 [Worker-58] WARN  o.e.m.c.i.embedder.EclipseLogger - Using platform encoding (UTF-8 actually) to copy filtered resources, i.e. build is platform dependent!
2017-01-10 10:06:00,939 [Worker-58] INFO  o.e.m.c.i.embedder.EclipseLogger - Copying 2 resources
2017-01-10 10:06:00,941 [Worker-58] WARN  o.e.m.c.i.embedder.EclipseLogger - Using platform encoding (UTF-8 actually) to copy filtered resources, i.e. build is platform dependent!
2017-01-10 10:06:00,941 [Worker-58] INFO  o.e.m.c.i.embedder.EclipseLogger - skip non existing resourceDirectory /Users/Jolteon/SD/DebateApp/DebateAppJPA/src/test/resources
2017-01-10 10:06:09,362 [Worker-54] WARN  o.e.m.c.i.embedder.EclipseLogger - Using platform encoding (UTF-8 actually) to copy filtered resources, i.e. build is platform dependent!
2017-01-10 10:06:09,364 [Worker-54] INFO  o.e.m.c.i.embedder.EclipseLogger - Copying 2 resources
2017-01-10 10:06:09,365 [Worker-54] WARN  o.e.m.c.i.embedder.EclipseLogger - Using platform encoding (UTF-8 actually) to copy filtered resources, i.e. build is platform dependent!
2017-01-10 10:06:09,366 [Worker-54] INFO  o.e.m.c.i.embedder.EclipseLogger - skip non existing resourceDirectory /Users/Jolteon/SD/DebateApp/DebateAppJPA/src/test/resources
2017-01-10 10:06:17,090 [Worker-58] WARN  o.e.m.c.i.embedder.EclipseLogger - Using platform encoding (UTF-8 actually) to copy filtered resources, i.e. build is platform dependent!
2017-01-10 10:06:17,091 [Worker-58] INFO  o.e.m.c.i.embedder.EclipseLogger - Copying 2 resources
2017-01-10 10:06:17,095 [Worker-58] WARN  o.e.m.c.i.embedder.EclipseLogger - Using platform encoding (UTF-8 actually) to copy filtered resources, i.e. build is platform dependent!
2017-01-10 10:06:17,095 [Worker-58] INFO  o.e.m.c.i.embedder.EclipseLogger - skip non existing resourceDirectory /Users/Jolteon/SD/DebateApp/DebateAppJPA/src/test/resources
2017-01-10 10:06:26,088 [Worker-54] WARN  o.e.m.c.i.embedder.EclipseLogger - Using platform encoding (UTF-8 actually) to copy filtered resources, i.e. build is platform dependent!
2017-01-10 10:06:26,089 [Worker-54] INFO  o.e.m.c.i.embedder.EclipseLogger - Copying 2 resources
2017-01-10 10:06:26,091 [Worker-54] WARN  o.e.m.c.i.embedder.EclipseLogger - Using platform encoding (UTF-8 actually) to copy filtered resources, i.e. build is platform dependent!
2017-01-10 10:06:26,092 [Worker-54] INFO  o.e.m.c.i.embedder.EclipseLogger - skip non existing resourceDirectory /Users/Jolteon/SD/DebateApp/DebateAppJPA/src/test/resources
2017-01-10 10:06:34,388 [Worker-52] WARN  o.e.m.c.i.embedder.EclipseLogger - Using platform encoding (UTF-8 actually) to copy filtered resources, i.e. build is platform dependent!
2017-01-10 10:06:34,392 [Worker-52] INFO  o.e.m.c.i.embedder.EclipseLogger - Copying 2 resources
2017-01-10 10:06:34,394 [Worker-52] WARN  o.e.m.c.i.embedder.EclipseLogger - Using platform encoding (UTF-8 actually) to copy filtered resources, i.e. build is platform dependent!
2017-01-10 10:06:34,398 [Worker-52] INFO  o.e.m.c.i.embedder.EclipseLogger - skip non existing resourceDirectory /Users/Jolteon/SD/DebateApp/DebateAppJPA/src/test/resources
2017-01-10 10:12:31,039 [Worker-7] INFO  o.e.m.c.i.l.LifecycleMappingFactory - Using org.eclipse.m2e.jdt.JarLifecycleMapping lifecycle mapping for MavenProject: DebateAppJPA:DebateAppJPA:0.0.1-SNAPSHOT @ /Users/MacBookPro15/SD/Java/DebateApp/DebateAppJPA/pom.xml.
2017-01-10 10:12:31,040 [Worker-13] INFO  o.e.m.c.i.l.LifecycleMappingFactory - Using org.eclipse.m2e.jdt.JarLifecycleMapping lifecycle mapping for MavenProject: DebateAppJPA:DebateAppJPA:0.0.1-SNAPSHOT @ /Users/MacBookPro15/SD/Java/DebateApp/DebateAppJPA/pom.xml.
2017-01-10 10:12:32,626 [Worker-13] INFO  o.e.m.c.i.e.AbstractTransferListenerAdapter - Downloading https://repo.maven.apache.org/maven2/com/fasterxml/jackson/core/jackson-annotations/2.8.1/jackson-annotations-2.8.1.pom
2017-01-10 10:12:32,626 [Worker-7] INFO  o.e.m.c.i.e.AbstractTransferListenerAdapter - Downloading https://repo.maven.apache.org/maven2/com/fasterxml/jackson/core/jackson-annotations/2.8.1/jackson-annotations-2.8.1.pom
2017-01-10 10:12:32,702 [Worker-13] INFO  o.e.m.c.i.e.AbstractTransferListenerAdapter - Downloaded https://repo.maven.apache.org/maven2/com/fasterxml/jackson/core/jackson-annotations/2.8.1/jackson-annotations-2.8.1.pom
2017-01-10 10:12:32,709 [Worker-7] INFO  o.e.m.c.i.e.AbstractTransferListenerAdapter - Downloaded https://repo.maven.apache.org/maven2/com/fasterxml/jackson/core/jackson-annotations/2.8.1/jackson-annotations-2.8.1.pom
2017-01-10 10:12:32,803 [Worker-13] INFO  o.e.m.c.i.e.AbstractTransferListenerAdapter - Downloading https://repo.maven.apache.org/maven2/com/fasterxml/jackson/core/jackson-annotations/2.8.1/jackson-annotations-2.8.1.jar
2017-01-10 10:12:32,813 [Worker-7] INFO  o.e.m.c.i.e.AbstractTransferListenerAdapter - Downloading https://repo.maven.apache.org/maven2/com/fasterxml/jackson/core/jackson-annotations/2.8.1/jackson-annotations-2.8.1.jar
2017-01-10 10:12:32,956 [Worker-13] INFO  o.e.m.c.i.e.AbstractTransferListenerAdapter - Downloaded https://repo.maven.apache.org/maven2/com/fasterxml/jackson/core/jackson-annotations/2.8.1/jackson-annotations-2.8.1.jar
2017-01-10 10:12:32,986 [Worker-7] INFO  o.e.m.c.i.e.AbstractTransferListenerAdapter - Downloaded https://repo.maven.apache.org/maven2/com/fasterxml/jackson/core/jackson-annotations/2.8.1/jackson-annotations-2.8.1.jar
2017-01-10 10:12:34,192 [Worker-13] WARN  o.e.m.c.i.embedder.EclipseLogger - Using platform encoding (UTF-8 actually) to copy filtered resources, i.e. build is platform dependent!
2017-01-10 10:12:34,205 [Worker-13] INFO  o.e.m.c.i.embedder.EclipseLogger - Copying 2 resources
2017-01-10 10:12:34,590 [Worker-12] INFO  o.e.m.c.i.l.LifecycleMappingFactory - Using org.eclipse.m2e.jdt.JarLifecycleMapping lifecycle mapping for MavenProject: DebateAppJPA:DebateAppJPA:0.0.1-SNAPSHOT @ /Users/MacBookPro15/SD/Java/DebateApp/DebateAppJPA/pom.xml.
2017-01-10 10:12:34,590 [Worker-13] WARN  o.e.m.c.i.embedder.EclipseLogger - Using platform encoding (UTF-8 actually) to copy filtered resources, i.e. build is platform dependent!
2017-01-10 10:12:34,591 [Worker-13] INFO  o.e.m.c.i.embedder.EclipseLogger - skip non existing resourceDirectory /Users/MacBookPro15/SD/Java/DebateApp/DebateAppJPA/src/test/resources
2017-01-10 10:12:35,975 [Worker-10] WARN  o.e.m.c.i.embedder.EclipseLogger - Using platform encoding (UTF-8 actually) to copy filtered resources, i.e. build is platform dependent!
2017-01-10 10:12:35,986 [Worker-10] INFO  o.e.m.c.i.embedder.EclipseLogger - Copying 2 resources
2017-01-10 10:12:35,993 [Worker-10] WARN  o.e.m.c.i.embedder.EclipseLogger - Using platform encoding (UTF-8 actually) to copy filtered resources, i.e. build is platform dependent!
2017-01-10 10:12:35,994 [Worker-10] INFO  o.e.m.c.i.embedder.EclipseLogger - skip non existing resourceDirectory /Users/MacBookPro15/SD/Java/DebateApp/DebateAppJPA/src/test/resources
2017-01-10 10:14:45,193 [Worker-17] INFO  o.e.m.c.i.l.LifecycleMappingFactory - Using org.eclipse.m2e.jdt.JarLifecycleMapping lifecycle mapping for MavenProject: TodoAppJPA:TodoAppJPA:0.0.1-SNAPSHOT @ /Users/MacBookPro15/SD/Java/ngTodo/TodoAppJPA/pom.xml.
2017-01-10 10:14:45,324 [Worker-17] WARN  o.e.m.c.i.embedder.EclipseLogger - Using platform encoding (UTF-8 actually) to copy filtered resources, i.e. build is platform dependent!
2017-01-10 10:14:45,326 [Worker-17] INFO  o.e.m.c.i.embedder.EclipseLogger - Copying 2 resources
2017-01-10 10:14:45,328 [Worker-17] WARN  o.e.m.c.i.embedder.EclipseLogger - Using platform encoding (UTF-8 actually) to copy filtered resources, i.e. build is platform dependent!
2017-01-10 10:14:45,329 [Worker-17] INFO  o.e.m.c.i.embedder.EclipseLogger - skip non existing resourceDirectory /Users/MacBookPro15/SD/Java/ngTodo/TodoAppJPA/src/test/resources
2017-01-10 10:14:45,879 [Worker-11] WARN  o.e.m.c.i.embedder.EclipseLogger - Using platform encoding (UTF-8 actually) to copy filtered resources, i.e. build is platform dependent!
2017-01-10 10:14:45,881 [Worker-11] INFO  o.e.m.c.i.embedder.EclipseLogger - Copying 2 resources
2017-01-10 10:14:45,884 [Worker-11] WARN  o.e.m.c.i.embedder.EclipseLogger - Using platform encoding (UTF-8 actually) to copy filtered resources, i.e. build is platform dependent!
2017-01-10 10:14:45,884 [Worker-11] INFO  o.e.m.c.i.embedder.EclipseLogger - skip non existing resourceDirectory /Users/MacBookPro15/SD/Java/ngTodo/TodoAppJPA/src/test/resources
2017-01-10 10:14:46,146 [Worker-11] INFO  o.e.m.c.i.l.LifecycleMappingFactory - Using org.maven.ide.eclipse.wtp.WarLifecycleMapping lifecycle mapping for MavenProject: TodoApp:TodoApp:0.0.1-SNAPSHOT @ /Users/MacBookPro15/SD/Java/ngTodo/TodoApp/pom.xml.
2017-01-10 10:14:47,440 [Worker-11] WARN  o.e.m.c.i.embedder.EclipseLogger - Using platform encoding (UTF-8 actually) to copy filtered resources, i.e. build is platform dependent!
2017-01-10 10:14:47,440 [Worker-11] INFO  o.e.m.c.i.embedder.EclipseLogger - skip non existing resourceDirectory /Users/MacBookPro15/SD/Java/ngTodo/TodoApp/src/main/resources
2017-01-10 10:14:47,442 [Worker-11] WARN  o.e.m.c.i.embedder.EclipseLogger - Using platform encoding (UTF-8 actually) to copy filtered resources, i.e. build is platform dependent!
2017-01-10 10:14:47,443 [Worker-11] INFO  o.e.m.c.i.embedder.EclipseLogger - skip non existing resourceDirectory /Users/MacBookPro15/SD/Java/ngTodo/TodoApp/src/test/resources
2017-01-10 10:14:54,337 [Worker-21] WARN  o.e.m.c.i.embedder.EclipseLogger - Using platform encoding (UTF-8 actually) to copy filtered resources, i.e. build is platform dependent!
2017-01-10 10:14:54,337 [Worker-21] INFO  o.e.m.c.i.embedder.EclipseLogger - skip non existing resourceDirectory /Users/MacBookPro15/SD/Java/ngTodo/TodoApp/src/main/resources
2017-01-10 10:14:54,339 [Worker-21] WARN  o.e.m.c.i.embedder.EclipseLogger - Using platform encoding (UTF-8 actually) to copy filtered resources, i.e. build is platform dependent!
2017-01-10 10:14:54,339 [Worker-21] INFO  o.e.m.c.i.embedder.EclipseLogger - skip non existing resourceDirectory /Users/MacBookPro15/SD/Java/ngTodo/TodoApp/src/test/resources
2017-01-10 10:14:57,986 [Worker-20] WARN  o.e.m.c.i.embedder.EclipseLogger - Using platform encoding (UTF-8 actually) to copy filtered resources, i.e. build is platform dependent!
2017-01-10 10:14:57,987 [Worker-20] INFO  o.e.m.c.i.embedder.EclipseLogger - Copying 2 resources
2017-01-10 10:14:57,991 [Worker-20] WARN  o.e.m.c.i.embedder.EclipseLogger - Using platform encoding (UTF-8 actually) to copy filtered resources, i.e. build is platform dependent!
2017-01-10 10:14:57,992 [Worker-20] INFO  o.e.m.c.i.embedder.EclipseLogger - skip non existing resourceDirectory /Users/MacBookPro15/SD/Java/DebateApp/DebateAppJPA/src/test/resources
2017-01-10 10:14:58,227 [Worker-17] WARN  o.e.m.c.i.embedder.EclipseLogger - Using platform encoding (UTF-8 actually) to copy filtered resources, i.e. build is platform dependent!
2017-01-10 10:14:58,228 [Worker-17] INFO  o.e.m.c.i.embedder.EclipseLogger - Copying 2 resources
2017-01-10 10:14:58,231 [Worker-17] WARN  o.e.m.c.i.embedder.EclipseLogger - Using platform encoding (UTF-8 actually) to copy filtered resources, i.e. build is platform dependent!
2017-01-10 10:14:58,232 [Worker-17] INFO  o.e.m.c.i.embedder.EclipseLogger - skip non existing resourceDirectory /Users/MacBookPro15/SD/Java/ngTodo/TodoAppJPA/src/test/resources
2017-01-10 10:14:58,341 [Worker-17] WARN  o.e.m.c.i.embedder.EclipseLogger - Using platform encoding (UTF-8 actually) to copy filtered resources, i.e. build is platform dependent!
2017-01-10 10:14:58,341 [Worker-17] INFO  o.e.m.c.i.embedder.EclipseLogger - skip non existing resourceDirectory /Users/MacBookPro15/SD/Java/ngTodo/TodoApp/src/main/resources
2017-01-10 10:14:58,343 [Worker-17] WARN  o.e.m.c.i.embedder.EclipseLogger - Using platform encoding (UTF-8 actually) to copy filtered resources, i.e. build is platform dependent!
2017-01-10 10:14:58,343 [Worker-17] INFO  o.e.m.c.i.embedder.EclipseLogger - skip non existing resourceDirectory /Users/MacBookPro15/SD/Java/ngTodo/TodoApp/src/test/resources
2017-01-10 10:15:12,768 [Worker-12] WARN  o.e.m.c.i.embedder.EclipseLogger - Using platform encoding (UTF-8 actually) to copy filtered resources, i.e. build is platform dependent!
2017-01-10 10:15:12,770 [Worker-12] INFO  o.e.m.c.i.embedder.EclipseLogger - Copying 2 resources
2017-01-10 10:15:12,772 [Worker-12] WARN  o.e.m.c.i.embedder.EclipseLogger - Using platform encoding (UTF-8 actually) to copy filtered resources, i.e. build is platform dependent!
2017-01-10 10:15:12,772 [Worker-12] INFO  o.e.m.c.i.embedder.EclipseLogger - skip non existing resourceDirectory /Users/MacBookPro15/SD/Java/DebateApp/DebateAppJPA/src/test/resources
2017-01-10 10:15:13,014 [Worker-2] WARN  o.e.m.c.i.embedder.EclipseLogger - Using platform encoding (UTF-8 actually) to copy filtered resources, i.e. build is platform dependent!
2017-01-10 10:15:13,015 [Worker-2] INFO  o.e.m.c.i.embedder.EclipseLogger - Copying 2 resources
2017-01-10 10:15:13,017 [Worker-2] WARN  o.e.m.c.i.embedder.EclipseLogger - Using platform encoding (UTF-8 actually) to copy filtered resources, i.e. build is platform dependent!
2017-01-10 10:15:13,018 [Worker-2] INFO  o.e.m.c.i.embedder.EclipseLogger - skip non existing resourceDirectory /Users/MacBookPro15/SD/Java/ngTodo/TodoAppJPA/src/test/resources
2017-01-10 10:15:13,098 [Worker-2] WARN  o.e.m.c.i.embedder.EclipseLogger - Using platform encoding (UTF-8 actually) to copy filtered resources, i.e. build is platform dependent!
2017-01-10 10:15:13,098 [Worker-2] INFO  o.e.m.c.i.embedder.EclipseLogger - skip non existing resourceDirectory /Users/MacBookPro15/SD/Java/ngTodo/TodoApp/src/main/resources
2017-01-10 10:15:13,099 [Worker-2] WARN  o.e.m.c.i.embedder.EclipseLogger - Using platform encoding (UTF-8 actually) to copy filtered resources, i.e. build is platform dependent!
2017-01-10 10:15:13,100 [Worker-2] INFO  o.e.m.c.i.embedder.EclipseLogger - skip non existing resourceDirectory /Users/MacBookPro15/SD/Java/ngTodo/TodoApp/src/test/resources
2017-01-10 10:16:17,824 [Worker-0] WARN  o.e.m.c.i.embedder.EclipseLogger - Using platform encoding (UTF-8 actually) to copy filtered resources, i.e. build is platform dependent!
2017-01-10 10:16:17,825 [Worker-0] INFO  o.e.m.c.i.embedder.EclipseLogger - Copying 2 resources
2017-01-10 10:16:17,827 [Worker-0] WARN  o.e.m.c.i.embedder.EclipseLogger - Using platform encoding (UTF-8 actually) to copy filtered resources, i.e. build is platform dependent!
2017-01-10 10:16:17,828 [Worker-0] INFO  o.e.m.c.i.embedder.EclipseLogger - skip non existing resourceDirectory /Users/MacBookPro15/SD/Java/DebateApp/DebateAppJPA/src/test/resources
2017-01-10 10:37:21,192 [Worker-40] WARN  o.e.m.c.i.embedder.EclipseLogger - Using platform encoding (UTF-8 actually) to copy filtered resources, i.e. build is platform dependent!
2017-01-10 10:37:21,193 [Worker-40] INFO  o.e.m.c.i.embedder.EclipseLogger - Copying 2 resources
2017-01-10 10:37:21,194 [Worker-40] WARN  o.e.m.c.i.embedder.EclipseLogger - Using platform encoding (UTF-8 actually) to copy filtered resources, i.e. build is platform dependent!
2017-01-10 10:37:21,194 [Worker-40] INFO  o.e.m.c.i.embedder.EclipseLogger - skip non existing resourceDirectory /Users/MacBookPro15/SD/Java/DebateApp/DebateAppJPA/src/test/resources
2017-01-10 10:39:16,030 [Worker-36] WARN  o.e.m.c.i.embedder.EclipseLogger - Using platform encoding (UTF-8 actually) to copy filtered resources, i.e. build is platform dependent!
2017-01-10 10:39:16,031 [Worker-36] INFO  o.e.m.c.i.embedder.EclipseLogger - Copying 2 resources
2017-01-10 10:39:16,032 [Worker-36] WARN  o.e.m.c.i.embedder.EclipseLogger - Using platform encoding (UTF-8 actually) to copy filtered resources, i.e. build is platform dependent!
2017-01-10 10:39:16,033 [Worker-36] INFO  o.e.m.c.i.embedder.EclipseLogger - skip non existing resourceDirectory /Users/MacBookPro15/SD/Java/DebateApp/DebateAppJPA/src/test/resources
2017-01-10 10:50:30,224 [Worker-58] WARN  o.e.m.c.i.embedder.EclipseLogger - Using platform encoding (UTF-8 actually) to copy filtered resources, i.e. build is platform dependent!
2017-01-10 10:50:30,225 [Worker-58] INFO  o.e.m.c.i.embedder.EclipseLogger - Copying 2 resources
2017-01-10 10:50:30,228 [Worker-58] WARN  o.e.m.c.i.embedder.EclipseLogger - Using platform encoding (UTF-8 actually) to copy filtered resources, i.e. build is platform dependent!
2017-01-10 10:50:30,228 [Worker-58] INFO  o.e.m.c.i.embedder.EclipseLogger - skip non existing resourceDirectory /Users/MacBookPro15/SD/Java/DebateApp/DebateAppJPA/src/test/resources
2017-01-10 10:50:33,241 [Worker-58] WARN  o.e.m.c.i.embedder.EclipseLogger - Using platform encoding (UTF-8 actually) to copy filtered resources, i.e. build is platform dependent!
2017-01-10 10:50:33,242 [Worker-58] INFO  o.e.m.c.i.embedder.EclipseLogger - Copying 2 resources
2017-01-10 10:50:33,244 [Worker-58] WARN  o.e.m.c.i.embedder.EclipseLogger - Using platform encoding (UTF-8 actually) to copy filtered resources, i.e. build is platform dependent!
2017-01-10 10:50:33,244 [Worker-58] INFO  o.e.m.c.i.embedder.EclipseLogger - skip non existing resourceDirectory /Users/MacBookPro15/SD/Java/DebateApp/DebateAppJPA/src/test/resources
2017-01-10 10:54:29,486 [Worker-53] WARN  o.e.m.c.i.embedder.EclipseLogger - Using platform encoding (UTF-8 actually) to copy filtered resources, i.e. build is platform dependent!
2017-01-10 10:54:29,487 [Worker-53] INFO  o.e.m.c.i.embedder.EclipseLogger - Copying 2 resources
2017-01-10 10:54:29,488 [Worker-53] WARN  o.e.m.c.i.embedder.EclipseLogger - Using platform encoding (UTF-8 actually) to copy filtered resources, i.e. build is platform dependent!
2017-01-10 10:54:29,489 [Worker-53] INFO  o.e.m.c.i.embedder.EclipseLogger - skip non existing resourceDirectory /Users/MacBookPro15/SD/Java/DebateApp/DebateAppJPA/src/test/resources
2017-01-10 11:03:32,549 [Worker-65] INFO  o.e.m.c.i.l.LifecycleMappingFactory - Using org.eclipse.m2e.jdt.JarLifecycleMapping lifecycle mapping for MavenProject: JPAVideoStore:JPAVideoStore:0.0.1-SNAPSHOT @ /Users/MacBookPro15/SD/Java/workspace/JPAVideoStore/pom.xml.
2017-01-10 11:03:32,666 [Worker-65] WARN  o.e.m.c.i.embedder.EclipseLogger - Using platform encoding (UTF-8 actually) to copy filtered resources, i.e. build is platform dependent!
2017-01-10 11:03:32,667 [Worker-65] INFO  o.e.m.c.i.embedder.EclipseLogger - Copying 3 resources
2017-01-10 11:03:32,669 [Worker-65] WARN  o.e.m.c.i.embedder.EclipseLogger - Using platform encoding (UTF-8 actually) to copy filtered resources, i.e. build is platform dependent!
2017-01-10 11:03:32,670 [Worker-65] INFO  o.e.m.c.i.embedder.EclipseLogger - skip non existing resourceDirectory /Users/MacBookPro15/SD/Java/workspace/JPAVideoStore/src/test/resources
2017-01-10 11:03:33,940 [Worker-67] WARN  o.e.m.c.i.embedder.EclipseLogger - Using platform encoding (UTF-8 actually) to copy filtered resources, i.e. build is platform dependent!
2017-01-10 11:03:33,943 [Worker-67] INFO  o.e.m.c.i.embedder.EclipseLogger - Copying 3 resources
2017-01-10 11:03:33,946 [Worker-67] WARN  o.e.m.c.i.embedder.EclipseLogger - Using platform encoding (UTF-8 actually) to copy filtered resources, i.e. build is platform dependent!
2017-01-10 11:03:33,947 [Worker-67] INFO  o.e.m.c.i.embedder.EclipseLogger - skip non existing resourceDirectory /Users/MacBookPro15/SD/Java/workspace/JPAVideoStore/src/test/resources
2017-01-10 11:03:46,778 [Worker-70] WARN  o.e.m.c.i.embedder.EclipseLogger - Using platform encoding (UTF-8 actually) to copy filtered resources, i.e. build is platform dependent!
2017-01-10 11:03:46,779 [Worker-70] INFO  o.e.m.c.i.embedder.EclipseLogger - Copying 0 resource
2017-01-10 11:03:46,780 [Worker-70] WARN  o.e.m.c.i.embedder.EclipseLogger - Using platform encoding (UTF-8 actually) to copy filtered resources, i.e. build is platform dependent!
2017-01-10 11:03:46,780 [Worker-70] INFO  o.e.m.c.i.embedder.EclipseLogger - skip non existing resourceDirectory /Users/MacBookPro15/SD/Java/workspace/JPAVideoStore/src/test/resources
2017-01-10 11:22:29,107 [Worker-74] WARN  o.e.m.c.i.embedder.EclipseLogger - Using platform encoding (UTF-8 actually) to copy filtered resources, i.e. build is platform dependent!
2017-01-10 11:22:29,108 [Worker-74] INFO  o.e.m.c.i.embedder.EclipseLogger - Copying 2 resources
2017-01-10 11:22:29,109 [Worker-74] WARN  o.e.m.c.i.embedder.EclipseLogger - Using platform encoding (UTF-8 actually) to copy filtered resources, i.e. build is platform dependent!
2017-01-10 11:22:29,110 [Worker-74] INFO  o.e.m.c.i.embedder.EclipseLogger - skip non existing resourceDirectory /Users/MacBookPro15/SD/Java/DebateApp/DebateAppJPA/src/test/resources
2017-01-10 11:22:33,373 [Worker-77] WARN  o.e.m.c.i.embedder.EclipseLogger - Using platform encoding (UTF-8 actually) to copy filtered resources, i.e. build is platform dependent!
2017-01-10 11:22:33,374 [Worker-77] INFO  o.e.m.c.i.embedder.EclipseLogger - Copying 2 resources
2017-01-10 11:22:33,375 [Worker-77] WARN  o.e.m.c.i.embedder.EclipseLogger - Using platform encoding (UTF-8 actually) to copy filtered resources, i.e. build is platform dependent!
2017-01-10 11:22:33,375 [Worker-77] INFO  o.e.m.c.i.embedder.EclipseLogger - skip non existing resourceDirectory /Users/MacBookPro15/SD/Java/DebateApp/DebateAppJPA/src/test/resources
2017-01-10 11:23:19,310 [Worker-77] WARN  o.e.m.c.i.embedder.EclipseLogger - Using platform encoding (UTF-8 actually) to copy filtered resources, i.e. build is platform dependent!
2017-01-10 11:23:19,311 [Worker-77] INFO  o.e.m.c.i.embedder.EclipseLogger - Copying 2 resources
2017-01-10 11:23:19,312 [Worker-77] WARN  o.e.m.c.i.embedder.EclipseLogger - Using platform encoding (UTF-8 actually) to copy filtered resources, i.e. build is platform dependent!
2017-01-10 11:23:19,313 [Worker-77] INFO  o.e.m.c.i.embedder.EclipseLogger - skip non existing resourceDirectory /Users/MacBookPro15/SD/Java/DebateApp/DebateAppJPA/src/test/resources
2017-01-10 11:23:47,577 [Worker-71] WARN  o.e.m.c.i.embedder.EclipseLogger - Using platform encoding (UTF-8 actually) to copy filtered resources, i.e. build is platform dependent!
2017-01-10 11:23:47,578 [Worker-71] INFO  o.e.m.c.i.embedder.EclipseLogger - Copying 2 resources
2017-01-10 11:23:47,579 [Worker-71] WARN  o.e.m.c.i.embedder.EclipseLogger - Using platform encoding (UTF-8 actually) to copy filtered resources, i.e. build is platform dependent!
2017-01-10 11:23:47,579 [Worker-71] INFO  o.e.m.c.i.embedder.EclipseLogger - skip non existing resourceDirectory /Users/MacBookPro15/SD/Java/DebateApp/DebateAppJPA/src/test/resources
2017-01-10 11:26:48,565 [Worker-86] WARN  o.e.m.c.i.embedder.EclipseLogger - Using platform encoding (UTF-8 actually) to copy filtered resources, i.e. build is platform dependent!
2017-01-10 11:26:48,566 [Worker-86] INFO  o.e.m.c.i.embedder.EclipseLogger - Copying 2 resources
2017-01-10 11:26:48,567 [Worker-86] WARN  o.e.m.c.i.embedder.EclipseLogger - Using platform encoding (UTF-8 actually) to copy filtered resources, i.e. build is platform dependent!
2017-01-10 11:26:48,567 [Worker-86] INFO  o.e.m.c.i.embedder.EclipseLogger - skip non existing resourceDirectory /Users/MacBookPro15/SD/Java/DebateApp/DebateAppJPA/src/test/resources
